Sun Dec 31 2017 23:23:23 GMT-0800 (PST)
Sun Jan 07 2018 23:23:23 GMT-0800 (PST)
Sun Feb 04 2018 23:23:23 GMT-0800 (PST)
Sun Feb 11 2018 23:23:23 GMT-0800 (PST)
Sun Jun 17 2018 23:23:23 GMT-0700 (PDT)
Mon Dec 25 2017 23:23:23 GMT-0800 (PST)
Mon Jan 15 2018 23:23:23 GMT-0800 (PST)
Mon Feb 12 2018 23:23:23 GMT-0800 (PST)
Mon Sep 03 2018 23:23:23 GMT-0700 (PDT)
Mon Sep 10 2018 23:23:23 GMT-0700 (PDT)
Mon Sep 17 2018 23:23:23 GMT-0700 (PDT)
Mon Sep 24 2018 23:23:23 GMT-0700 (PDT)
Tue Dec 26 2017 23:23:23 GMT-0800 (PST)
Tue Feb 13 2018 23:23:23 GMT-0800 (PST)
Tue Mar 20 2018 23:23:23 GMT-0700 (PDT)
Tue Mar 27 2018 23:23:23 GMT-0700 (PDT)
Tue Apr 03 2018 23:23:23 GMT-0700 (PDT)
Tue Apr 24 2018 23:23:23 GMT-0700 (PDT)
Tue May 01 2018 23:23:23 GMT-0700 (PDT)
Tue May 15 2018 23:23:23 GMT-0700 (PDT)
Tue Jun 12 2018 23:23:23 GMT-0700 (PDT)
Tue Jun 19 2018 23:23:23 GMT-0700 (PDT)
